2018-03-11 13:37:25.627  INFO 3140 --- [main] c.s.s.SpringbootJpaApplication           : Starting SpringbootJpaApplication on Razz-PC with PID 3140 (E:\springboot-jpa\target\classes started by Razz in E:\springboot-jpa)
2018-03-11 13:37:25.634  INFO 3140 --- [main] c.s.s.SpringbootJpaApplication           : No active profile set, falling back to default profiles: default
2018-03-11 13:37:25.790  INFO 3140 --- [main] ationConfigEmbeddedWebApplicationContext : Refreshing org.springframework.boot.context.embedded.AnnotationConfigEmbeddedWebApplicationContext@6646153: startup date [Sun Mar 11 13:37:25 IST 2018]; root of context hierarchy
2018-03-11 13:37:29.238  INFO 3140 --- [main] s.b.c.e.t.TomcatEmbeddedServletContainer : Tomcat initialized with port(s): 8080 (http)
2018-03-11 13:37:29.262  INFO 3140 --- [main] o.apache.catalina.core.StandardService   : Starting service [Tomcat]
2018-03-11 13:37:29.264  INFO 3140 --- [main] org.apache.catalina.core.StandardEngine  : Starting Servlet Engine: Apache Tomcat/8.5.23
2018-03-11 13:37:29.502  INFO 3140 --- [localhost-startStop-1] o.a.c.c.C.[Tomcat].[localhost].[/jpa]    : Initializing Spring embedded WebApplicationContext
2018-03-11 13:37:29.503  INFO 3140 --- [localhost-startStop-1] o.s.web.context.ContextLoader            : Root WebApplicationContext: initialization completed in 3719 ms
2018-03-11 13:37:30.005  INFO 3140 --- [localhost-startStop-1] o.s.b.w.servlet.ServletRegistrationBean  : Mapping servlet: 'dispatcherServlet' to [/]
2018-03-11 13:37:30.012  INFO 3140 --- [localhost-startStop-1] o.s.b.w.servlet.FilterRegistrationBean   : Mapping filter: 'characterEncodingFilter' to: [/*]
2018-03-11 13:37:30.013  INFO 3140 --- [localhost-startStop-1] o.s.b.w.servlet.FilterRegistrationBean   : Mapping filter: 'hiddenHttpMethodFilter' to: [/*]
2018-03-11 13:37:30.014  INFO 3140 --- [localhost-startStop-1] o.s.b.w.servlet.FilterRegistrationBean   : Mapping filter: 'httpPutFormContentFilter' to: [/*]
2018-03-11 13:37:30.014  INFO 3140 --- [localhost-startStop-1] o.s.b.w.servlet.FilterRegistrationBean   : Mapping filter: 'requestContextFilter' to: [/*]
2018-03-11 13:37:30.014  INFO 3140 --- [localhost-startStop-1] o.s.b.w.servlet.FilterRegistrationBean   : Mapping filter: 'requestLoggingFilter' to: [/*]
2018-03-11 13:37:30.052 DEBUG 3140 --- [localhost-startStop-1] o.s.w.f.CommonsRequestLoggingFilter      : Initializing filter 'requestLoggingFilter'
2018-03-11 13:37:30.053 DEBUG 3140 --- [localhost-startStop-1] o.s.w.f.CommonsRequestLoggingFilter      : Filter 'requestLoggingFilter' configured successfully
2018-03-11 13:37:31.231  INFO 3140 --- [main] j.LocalContainerEntityManagerFactoryBean : Building JPA container EntityManagerFactory for persistence unit 'default'
2018-03-11 13:37:31.256  INFO 3140 --- [main] o.hibernate.jpa.internal.util.LogHelper  : HHH000204: Processing PersistenceUnitInfo [
	name: default
	...]
2018-03-11 13:37:31.397  INFO 3140 --- [main] org.hibernate.Version                    : HHH000412: Hibernate Core {5.0.12.Final}
2018-03-11 13:37:31.401  INFO 3140 --- [main] org.hibernate.cfg.Environment            : HHH000206: hibernate.properties not found
2018-03-11 13:37:31.404  INFO 3140 --- [main] org.hibernate.cfg.Environment            : HHH000021: Bytecode provider name : javassist
2018-03-11 13:37:31.496  INFO 3140 --- [main] o.hibernate.annotations.common.Version   : HCANN000001: Hibernate Commons Annotations {5.0.1.Final}
2018-03-11 13:37:31.677  INFO 3140 --- [main] org.hibernate.dialect.Dialect            : HHH000400: Using dialect: org.hibernate.dialect.MySQL5Dialect
2018-03-11 13:37:32.589  INFO 3140 --- [main] org.hibernate.tool.hbm2ddl.SchemaUpdate  : HHH000228: Running hbm2ddl schema update
2018-03-11 13:37:32.748  INFO 3140 --- [main] j.LocalContainerEntityManagerFactoryBean : Initialized JPA EntityManagerFactory for persistence unit 'default'
2018-03-11 13:37:33.901  INFO 3140 --- [main] s.w.s.m.m.a.RequestMappingHandlerAdapter : Looking for @ControllerAdvice: org.springframework.boot.context.embedded.AnnotationConfigEmbeddedWebApplicationContext@6646153: startup date [Sun Mar 11 13:37:25 IST 2018]; root of context hierarchy
2018-03-11 13:37:34.074  INFO 3140 --- [main] s.w.s.m.m.a.RequestMappingHandlerMapping : Mapped "{[/rest/emp/byName/{name}],methods=[GET]}" onto public java.util.List<com.sbjpa.springbootjpa.model.Employee> com.sbjpa.springbootjpa.resource.EmpResource.byName(java.lang.String)
2018-03-11 13:37:34.077  INFO 3140 --- [main] s.w.s.m.m.a.RequestMappingHandlerMapping : Mapped "{[/rest/emp/post],methods=[POST]}" onto public java.util.List<com.sbjpa.springbootjpa.model.Employee> com.sbjpa.springbootjpa.resource.EmpResource.persit(com.sbjpa.springbootjpa.model.Employee)
2018-03-11 13:37:34.077  INFO 3140 --- [main] s.w.s.m.m.a.RequestMappingHandlerMapping : Mapped "{[/rest/emp/test/{name}],methods=[GET]}" onto public java.lang.String com.sbjpa.springbootjpa.resource.EmpResource.empService(java.lang.String) throws com.sbjpa.springbootjpa.exception.CustomException
2018-03-11 13:37:34.078  INFO 3140 --- [main] s.w.s.m.m.a.RequestMappingHandlerMapping : Mapped "{[/rest/emp/getAll],methods=[GET]}" onto public java.util.List<com.sbjpa.springbootjpa.model.Employee> com.sbjpa.springbootjpa.resource.EmpResource.getAllEmployee()
2018-03-11 13:37:34.081  INFO 3140 --- [main] s.w.s.m.m.a.RequestMappingHandlerMapping : Mapped "{[/error]}" onto public org.springframework.http.ResponseEntity<java.util.Map<java.lang.String, java.lang.Object>> org.springframework.boot.autoconfigure.web.BasicErrorController.error(javax.servlet.http.HttpServletRequest)
2018-03-11 13:37:34.082  INFO 3140 --- [main] s.w.s.m.m.a.RequestMappingHandlerMapping : Mapped "{[/error],produces=[text/html]}" onto public org.springframework.web.servlet.ModelAndView org.springframework.boot.autoconfigure.web.BasicErrorController.errorHtml(javax.servlet.http.HttpServletRequest,javax.servlet.http.HttpServletResponse)
2018-03-11 13:37:34.216  INFO 3140 --- [main] o.s.w.s.handler.SimpleUrlHandlerMapping  : Mapped URL path [/webjars/**] onto handler of type [class org.springframework.web.servlet.resource.ResourceHttpRequestHandler]
2018-03-11 13:37:34.216  INFO 3140 --- [main] o.s.w.s.handler.SimpleUrlHandlerMapping  : Mapped URL path [/**] onto handler of type [class org.springframework.web.servlet.resource.ResourceHttpRequestHandler]
2018-03-11 13:37:34.253  INFO 3140 --- [main] .m.m.a.ExceptionHandlerExceptionResolver : Detected @ExceptionHandler methods in customDataException
2018-03-11 13:37:34.313  INFO 3140 --- [main] o.s.w.s.handler.SimpleUrlHandlerMapping  : Mapped URL path [/**/favicon.ico] onto handler of type [class org.springframework.web.servlet.resource.ResourceHttpRequestHandler]
2018-03-11 13:37:34.803  INFO 3140 --- [main] o.s.j.e.a.AnnotationMBeanExporter        : Registering beans for JMX exposure on startup
2018-03-11 13:37:34.904  INFO 3140 --- [main] s.b.c.e.t.TomcatEmbeddedServletContainer : Tomcat started on port(s): 8080 (http)
2018-03-11 13:37:34.913  INFO 3140 --- [main] c.s.s.SpringbootJpaApplication           : Started SpringbootJpaApplication in 9.901 seconds (JVM running for 10.788)
2018-03-11 13:37:40.884  INFO 3140 --- [http-nio-8080-exec-1] o.a.c.c.C.[Tomcat].[localhost].[/jpa]    : Initializing Spring FrameworkServlet 'dispatcherServlet'
2018-03-11 13:37:40.885  INFO 3140 --- [http-nio-8080-exec-1] o.s.web.servlet.DispatcherServlet        : FrameworkServlet 'dispatcherServlet': initialization started
2018-03-11 13:37:41.275  INFO 3140 --- [http-nio-8080-exec-1] o.s.web.servlet.DispatcherServlet        : FrameworkServlet 'dispatcherServlet': initialization completed in 390 ms
2018-03-11 13:37:41.311 DEBUG 3140 --- [http-nio-8080-exec-1] o.s.w.f.CommonsRequestLoggingFilter      : Before request [uri=/jpa/rest/emp/getAll;client=0:0:0:0:0:0:0:1]
2018-03-11 13:37:41.408  INFO 3140 --- [http-nio-8080-exec-1] o.h.h.i.QueryTranslatorFactoryInitiator  : HHH000397: Using ASTQueryTranslatorFactory
2018-03-11 13:37:41.820 DEBUG 3140 --- [http-nio-8080-exec-1] o.s.w.f.CommonsRequestLoggingFilter      : After request [uri=/jpa/rest/emp/getAll;client=0:0:0:0:0:0:0:1]
2018-03-11 13:38:09.138 DEBUG 3140 --- [http-nio-8080-exec-4] o.s.w.f.CommonsRequestLoggingFilter      : Before request [uri=/jpa/rest/emp/test/iii;client=0:0:0:0:0:0:0:1]
2018-03-11 13:38:09.212 ERROR 3140 --- [http-nio-8080-exec-4] c.s.springbootjpa.resource.EmpResource   : excetion

com.sbjpa.springbootjpa.exception.CustomException: emp not found
	at com.sbjpa.springbootjpa.resource.EmpResource.empService(EmpResource.java:54) [classes/:na]
	at sun.reflect.NativeMethodAccessorImpl.invoke0(Native Method) ~[na:1.8.0]
	at sun.reflect.NativeMethodAccessorImpl.invoke(NativeMethodAccessorImpl.java:62) ~[na:1.8.0]
	at sun.reflect.DelegatingMethodAccessorImpl.invoke(DelegatingMethodAccessorImpl.java:43) ~[na:1.8.0]
	at java.lang.reflect.Method.invoke(Method.java:483) ~[na:1.8.0]
	at org.springframework.web.method.support.InvocableHandlerMethod.doInvoke(InvocableHandlerMethod.java:205) [spring-web-4.3.13.RELEASE.jar:4.3.13.RELEASE]
	at org.springframework.web.method.support.InvocableHandlerMethod.invokeForRequest(InvocableHandlerMethod.java:133) [spring-web-4.3.13.RELEASE.jar:4.3.13.RELEASE]
	at org.springframework.web.servlet.mvc.method.annotation.ServletInvocableHandlerMethod.invokeAndHandle(ServletInvocableHandlerMethod.java:97) [spring-webmvc-4.3.13.RELEASE.jar:4.3.13.RELEASE]
	at org.springframework.web.servlet.mvc.method.annotation.RequestMappingHandlerAdapter.invokeHandlerMethod(RequestMappingHandlerAdapter.java:827) [spring-webmvc-4.3.13.RELEASE.jar:4.3.13.RELEASE]
	at org.springframework.web.servlet.mvc.method.annotation.RequestMappingHandlerAdapter.handleInternal(RequestMappingHandlerAdapter.java:738) [spring-webmvc-4.3.13.RELEASE.jar:4.3.13.RELEASE]
	at org.springframework.web.servlet.mvc.method.AbstractHandlerMethodAdapter.handle(AbstractHandlerMethodAdapter.java:85) [spring-webmvc-4.3.13.RELEASE.jar:4.3.13.RELEASE]
	at org.springframework.web.servlet.DispatcherServlet.doDispatch(DispatcherServlet.java:967) [spring-webmvc-4.3.13.RELEASE.jar:4.3.13.RELEASE]
	at org.springframework.web.servlet.DispatcherServlet.doService(DispatcherServlet.java:901) [spring-webmvc-4.3.13.RELEASE.jar:4.3.13.RELEASE]
	at org.springframework.web.servlet.FrameworkServlet.processRequest(FrameworkServlet.java:970) [spring-webmvc-4.3.13.RELEASE.jar:4.3.13.RELEASE]
	at org.springframework.web.servlet.FrameworkServlet.doGet(FrameworkServlet.java:861) [spring-webmvc-4.3.13.RELEASE.jar:4.3.13.RELEASE]
	at javax.servlet.http.HttpServlet.service(HttpServlet.java:635) [tomcat-embed-core-8.5.23.jar:8.5.23]
	at org.springframework.web.servlet.FrameworkServlet.service(FrameworkServlet.java:846) [spring-webmvc-4.3.13.RELEASE.jar:4.3.13.RELEASE]
	at javax.servlet.http.HttpServlet.service(HttpServlet.java:742) [tomcat-embed-core-8.5.23.jar:8.5.23]
	at org.apache.catalina.core.ApplicationFilterChain.internalDoFilter(ApplicationFilterChain.java:231) [tomcat-embed-core-8.5.23.jar:8.5.23]
	at org.apache.catalina.core.ApplicationFilterChain.doFilter(ApplicationFilterChain.java:166) [tomcat-embed-core-8.5.23.jar:8.5.23]
	at org.apache.tomcat.websocket.server.WsFilter.doFilter(WsFilter.java:52) [tomcat-embed-websocket-8.5.23.jar:8.5.23]
	at org.apache.catalina.core.ApplicationFilterChain.internalDoFilter(ApplicationFilterChain.java:193) [tomcat-embed-core-8.5.23.jar:8.5.23]
	at org.apache.catalina.core.ApplicationFilterChain.doFilter(ApplicationFilterChain.java:166) [tomcat-embed-core-8.5.23.jar:8.5.23]
	at org.springframework.web.filter.AbstractRequestLoggingFilter.doFilterInternal(AbstractRequestLoggingFilter.java:244) [spring-web-4.3.13.RELEASE.jar:4.3.13.RELEASE]
	at org.springframework.web.filter.OncePerRequestFilter.doFilter(OncePerRequestFilter.java:107) [spring-web-4.3.13.RELEASE.jar:4.3.13.RELEASE]
	at org.apache.catalina.core.ApplicationFilterChain.internalDoFilter(ApplicationFilterChain.java:193) [tomcat-embed-core-8.5.23.jar:8.5.23]
	at org.apache.catalina.core.ApplicationFilterChain.doFilter(ApplicationFilterChain.java:166) [tomcat-embed-core-8.5.23.jar:8.5.23]
	at org.springframework.web.filter.RequestContextFilter.doFilterInternal(RequestContextFilter.java:99) [spring-web-4.3.13.RELEASE.jar:4.3.13.RELEASE]
	at org.springframework.web.filter.OncePerRequestFilter.doFilter(OncePerRequestFilter.java:107) [spring-web-4.3.13.RELEASE.jar:4.3.13.RELEASE]
	at org.apache.catalina.core.ApplicationFilterChain.internalDoFilter(ApplicationFilterChain.java:193) [tomcat-embed-core-8.5.23.jar:8.5.23]
	at org.apache.catalina.core.ApplicationFilterChain.doFilter(ApplicationFilterChain.java:166) [tomcat-embed-core-8.5.23.jar:8.5.23]
	at org.springframework.web.filter.HttpPutFormContentFilter.doFilterInternal(HttpPutFormContentFilter.java:108) [spring-web-4.3.13.RELEASE.jar:4.3.13.RELEASE]
	at org.springframework.web.filter.OncePerRequestFilter.doFilter(OncePerRequestFilter.java:107) [spring-web-4.3.13.RELEASE.jar:4.3.13.RELEASE]
	at org.apache.catalina.core.ApplicationFilterChain.internalDoFilter(ApplicationFilterChain.java:193) [tomcat-embed-core-8.5.23.jar:8.5.23]
	at org.apache.catalina.core.ApplicationFilterChain.doFilter(ApplicationFilterChain.java:166) [tomcat-embed-core-8.5.23.jar:8.5.23]
	at org.springframework.web.filter.HiddenHttpMethodFilter.doFilterInternal(HiddenHttpMethodFilter.java:81) [spring-web-4.3.13.RELEASE.jar:4.3.13.RELEASE]
	at org.springframework.web.filter.OncePerRequestFilter.doFilter(OncePerRequestFilter.java:107) [spring-web-4.3.13.RELEASE.jar:4.3.13.RELEASE]
	at org.apache.catalina.core.ApplicationFilterChain.internalDoFilter(ApplicationFilterChain.java:193) [tomcat-embed-core-8.5.23.jar:8.5.23]
	at org.apache.catalina.core.ApplicationFilterChain.doFilter(ApplicationFilterChain.java:166) [tomcat-embed-core-8.5.23.jar:8.5.23]
	at org.springframework.web.filter.CharacterEncodingFilter.doFilterInternal(CharacterEncodingFilter.java:197) [spring-web-4.3.13.RELEASE.jar:4.3.13.RELEASE]
	at org.springframework.web.filter.OncePerRequestFilter.doFilter(OncePerRequestFilter.java:107) [spring-web-4.3.13.RELEASE.jar:4.3.13.RELEASE]
	at org.apache.catalina.core.ApplicationFilterChain.internalDoFilter(ApplicationFilterChain.java:193) [tomcat-embed-core-8.5.23.jar:8.5.23]
	at org.apache.catalina.core.ApplicationFilterChain.doFilter(ApplicationFilterChain.java:166) [tomcat-embed-core-8.5.23.jar:8.5.23]
	at org.apache.catalina.core.StandardWrapperValve.invoke(StandardWrapperValve.java:199) [tomcat-embed-core-8.5.23.jar:8.5.23]
	at org.apache.catalina.core.StandardContextValve.invoke(StandardContextValve.java:96) [tomcat-embed-core-8.5.23.jar:8.5.23]
	at org.apache.catalina.authenticator.AuthenticatorBase.invoke(AuthenticatorBase.java:478) [tomcat-embed-core-8.5.23.jar:8.5.23]
	at org.apache.catalina.core.StandardHostValve.invoke(StandardHostValve.java:140) [tomcat-embed-core-8.5.23.jar:8.5.23]
	at org.apache.catalina.valves.ErrorReportValve.invoke(ErrorReportValve.java:81) [tomcat-embed-core-8.5.23.jar:8.5.23]
	at org.apache.catalina.core.StandardEngineValve.invoke(StandardEngineValve.java:87) [tomcat-embed-core-8.5.23.jar:8.5.23]
	at org.apache.catalina.connector.CoyoteAdapter.service(CoyoteAdapter.java:342) [tomcat-embed-core-8.5.23.jar:8.5.23]
	at org.apache.coyote.http11.Http11Processor.service(Http11Processor.java:803) [tomcat-embed-core-8.5.23.jar:8.5.23]
	at org.apache.coyote.AbstractProcessorLight.process(AbstractProcessorLight.java:66) [tomcat-embed-core-8.5.23.jar:8.5.23]
	at org.apache.coyote.AbstractProtocol$ConnectionHandler.process(AbstractProtocol.java:868) [tomcat-embed-core-8.5.23.jar:8.5.23]
	at org.apache.tomcat.util.net.NioEndpoint$SocketProcessor.doRun(NioEndpoint.java:1459) [tomcat-embed-core-8.5.23.jar:8.5.23]
	at org.apache.tomcat.util.net.SocketProcessorBase.run(SocketProcessorBase.java:49) [tomcat-embed-core-8.5.23.jar:8.5.23]
	at java.util.concurrent.ThreadPoolExecutor.runWorker(ThreadPoolExecutor.java:1142) [na:1.8.0]
	at java.util.concurrent.ThreadPoolExecutor$Worker.run(ThreadPoolExecutor.java:617) [na:1.8.0]
	at org.apache.tomcat.util.threads.TaskThread$WrappingRunnable.run(TaskThread.java:61) [tomcat-embed-core-8.5.23.jar:8.5.23]
	at java.lang.Thread.run(Thread.java:744) [na:1.8.0]

2018-03-11 13:38:09.215 DEBUG 3140 --- [http-nio-8080-exec-4] o.s.w.f.CommonsRequestLoggingFilter      : After request [uri=/jpa/rest/emp/test/iii;client=0:0:0:0:0:0:0:1]
